<?xml version="1.0" encoding="UTF-8"?>
<testng-results total="1" passed="1" failed="0" skipped="0">
  <reporter-output>
  </reporter-output>
  <suite started-at="2022-05-21T14:10:45Z" name="Suite" finished-at="2022-05-21T14:11:22Z" duration-ms="36851">
    <groups>
    </groups>
    <test started-at="2022-05-21T14:10:45Z" name="Test" finished-at="2022-05-21T14:11:22Z" duration-ms="36851">
      <class name="mil.dtic.selenium.RunTest">
        <test-method is-config="true" signature="beforeClass()[pri:0, instance:mil.dtic.selenium.RunTest@424e1977]" started-at="2022-05-21T10:10:45Z" name="beforeClass" finished-at="2022-05-21T10:10:46Z" duration-ms="779" status="PASS">
          <reporter-output>
          </reporter-output>
        </test-method> <!-- beforeClass -->
        <test-method signature="readExcel()[pri:0, instance:mil.dtic.selenium.RunTest@424e1977]" started-at="2022-05-21T10:10:46Z" name="readExcel" finished-at="2022-05-21T10:11:22Z" duration-ms="36053" status="PASS">
          <reporter-output>
          </reporter-output>
        </test-method> <!-- readExcel -->
        <test-method is-config="true" signature="afterClass()[pri:0, instance:mil.dtic.selenium.RunTest@424e1977]" started-at="2022-05-21T10:11:22Z" name="afterClass" finished-at="2022-05-21T10:11:22Z" duration-ms="1" status="PASS">
          <reporter-output>
          </reporter-output>
        </test-method> <!-- afterClass -->
      </class> <!-- mil.dtic.selenium.RunTest -->
    </test> <!-- Test -->
  </suite> <!-- Suite -->
</testng-results>
